basics-of-graphs.html     http://outreach.vlabs.ac.in/
basics-of-queues.html     http://outreach.vlabs.ac.in/
code-assessment.html     http://outreach.vlabs.ac.in/
feedback.html     http://outreach.vlabs.ac.in/
further-reading-and-references.html     http://outreach.vlabs.ac.in/
graph-traversal.html     http://outreach.vlabs.ac.in/
index.html     http://outreach.vlabs.ac.in/
overview.html     http://outreach.vlabs.ac.in/
performance-report.html     http://vlab.co.in
posttest.html     http://outreach.vlabs.ac.in/
pretest.html     http://outreach.vlabs.ac.in/
validator-report.html     http://vlab.co.in
analysis/analysis-quiz.html     http://outreach.vlabs.ac.in/
analysis/comparison-with-other-algorithms.html     http://outreach.vlabs.ac.in/
analysis/index.html     http://outreach.vlabs.ac.in/
analysis/time-and-space-complexity-of-bfs.html     http://outreach.vlabs.ac.in/
bfs/bfs-algorithm.html     http://outreach.vlabs.ac.in/
bfs/bfs-concept.html     http://outreach.vlabs.ac.in/
bfs/bfs-quiz.html     http://outreach.vlabs.ac.in/
bfs/index.html     http://outreach.vlabs.ac.in/
bfs/simulation/docs/index.html     http://validator.w3.org/check?uri=referer
bfs/simulation/docs/sitemap.html     http://validator.w3.org/check?uri=referer
bfs/simulation/docs/org-templates/level-0.html     http://validator.w3.org/check?uri=referer
bfs/simulation/docs/org-templates/level-1.html     http://validator.w3.org/check?uri=referer
bfs/simulation/docs/org-templates/level-2.html     http://validator.w3.org/check?uri=referer
bfs/simulation/docs/org-templates/level-3.html     http://validator.w3.org/check?uri=referer
bfs/simulation/docs/org-templates/level-4.html     http://validator.w3.org/check?uri=referer
bfs/simulation/docs/org-templates/level-5.html     http://validator.w3.org/check?uri=referer
bfs/simulation/docs/org-templates/tex-macros.html     http://validator.w3.org/check?uri=referer
bfs/simulation/docs/runtime/css/bfs_css.html     http://validator.w3.org/check?uri=referer
bfs/simulation/docs/runtime/html/bfs_demo.html     http://validator.w3.org/check?uri=referer
bfs/simulation/docs/runtime/html/bfs_exercise.html     http://validator.w3.org/check?uri=referer
bfs/simulation/docs/runtime/html/bfs_practice_graph.html     http://validator.w3.org/check?uri=referer
bfs/simulation/docs/runtime/html/bfs_practice_queue.html     http://validator.w3.org/check?uri=referer
bfs/simulation/docs/runtime/js/bfs_Algo.html     http://validator.w3.org/check?uri=referer
bfs/simulation/docs/runtime/js/bfs_demo.html     http://validator.w3.org/check?uri=referer
bfs/simulation/docs/runtime/js/bfs_exercise.html     http://validator.w3.org/check?uri=referer
bfs/simulation/docs/runtime/js/bfs_practice.html     http://validator.w3.org/check?uri=referer
bfs/simulation/docs/runtime/js/bfs_using_queue.html     http://validator.w3.org/check?uri=referer
bfs/simulation/docs/runtime/js/data.html     http://validator.w3.org/check?uri=referer
bfs/simulation/docs/runtime/js/realization-catalog.html     http://validator.w3.org/check?uri=referer
