=/pretest.json
{
  _: [],
  f: [
    '/Users/joey/Documents/VirtualLabs/Data-Structures-1/exp-bfs-iiith/experiment/pretest.json'
  ],
  files: [
    '/Users/joey/Documents/VirtualLabs/Data-Structures-1/exp-bfs-iiith/experiment/pretest.json'
  ],
  c: 'assessment',
  contentTypes: 'assessment',
  'content-types': 'assessment',
  '$0': 'validate'
}
Validated true
=/bfs/bfs-quiz.json
{
  _: [],
  f: [
    '/Users/joey/Documents/VirtualLabs/Data-Structures-1/exp-bfs-iiith/experiment/bfs/bfs-quiz.json'
  ],
  files: [
    '/Users/joey/Documents/VirtualLabs/Data-Structures-1/exp-bfs-iiith/experiment/bfs/bfs-quiz.json'
  ],
  c: 'assessment',
  contentTypes: 'assessment',
  'content-types': 'assessment',
  '$0': 'validate'
}
Validated true
=/analysis/analysis-quiz.json
{
  _: [],
  f: [
    '/Users/joey/Documents/VirtualLabs/Data-Structures-1/exp-bfs-iiith/experiment/analysis/analysis-quiz.json'
  ],
  files: [
    '/Users/joey/Documents/VirtualLabs/Data-Structures-1/exp-bfs-iiith/experiment/analysis/analysis-quiz.json'
  ],
  c: 'assessment',
  contentTypes: 'assessment',
  'content-types': 'assessment',
  '$0': 'validate'
}
Validated true
=/posttest.json
{
  _: [],
  f: [
    '/Users/joey/Documents/VirtualLabs/Data-Structures-1/exp-bfs-iiith/experiment/posttest.json'
  ],
  files: [
    '/Users/joey/Documents/VirtualLabs/Data-Structures-1/exp-bfs-iiith/experiment/posttest.json'
  ],
  c: 'assessment',
  contentTypes: 'assessment',
  'content-types': 'assessment',
  '$0': 'validate'
}
Validated true
